Using device: cpu

[Epoch 01/15]
Train Loss: 0.7852  |  Val Loss: 6.4574
--- Validation Report ---
              precision    recall  f1-score   support

     Healthy     0.2101    1.0000    0.3473      3011
   Emphysema     0.3281    0.2064    0.2534       407
Ground Glass     0.0000    0.0000    0.0000      2226
    Fibrosis     1.0000    0.0030    0.0061      2962
Micronodules     0.0000    0.0000    0.0000      5988

    accuracy                         0.2127     14594
   macro avg     0.3077    0.2419    0.1213     14594
weighted avg     0.2555    0.2127    0.0799     14594

  ↳ New Best Val Acc: 21.27%

[Epoch 02/15]
Train Loss: 0.4822  |  Val Loss: 7.1057
--- Validation Report ---
              precision    recall  f1-score   support

     Healthy     0.2348    1.0000    0.3802      3011
   Emphysema     0.9273    0.3759    0.5350       407
Ground Glass     0.0000    0.0000    0.0000      2226
    Fibrosis     0.7255    0.3926    0.5095      2962
Micronodules     0.0000    0.0000    0.0000      5988

    accuracy                         0.2965     14594
   macro avg     0.3775    0.3537    0.2849     14594
weighted avg     0.2215    0.2965    0.1968     14594

  ↳ New Best Val Acc: 29.65%

[Epoch 03/15]
Train Loss: 0.4162  |  Val Loss: 4.5075
--- Validation Report ---
              precision    recall  f1-score   support

     Healthy     0.2558    0.8486    0.3931      3011
   Emphysema     0.0908    0.7568    0.1621       407
Ground Glass     0.0000    0.0000    0.0000      2226
    Fibrosis     0.8891    0.1597    0.2707      2962
Micronodules     0.8032    0.0913    0.1640      5988

    accuracy                         0.2661     14594
   macro avg     0.4078    0.3713    0.1980     14594
weighted avg     0.5653    0.2661    0.2079     14594


[Epoch 04/15]
Train Loss: 0.3579  |  Val Loss: 8.2430
--- Validation Report ---
              precision    recall  f1-score   support

     Healthy     0.2506    1.0000    0.4008      3011
   Emphysema     0.0000    0.0000    0.0000       407
Ground Glass     0.0000    0.0000    0.0000      2226
    Fibrosis     0.6768    0.2870    0.4030      2962
Micronodules     0.4091    0.0905    0.1482      5988

    accuracy                         0.3017     14594
   macro avg     0.2673    0.2755    0.1904     14594
weighted avg     0.3569    0.3017    0.2253     14594

  ↳ New Best Val Acc: 30.17%

[Epoch 05/15]
Train Loss: 0.2829  |  Val Loss: 3.7127
--- Validation Report ---
              precision    recall  f1-score   support

     Healthy     0.0096    0.0103    0.0100      3011
   Emphysema     0.0772    0.8034    0.1409       407
Ground Glass     0.0000    0.0000    0.0000      2226
    Fibrosis     0.8537    0.0236    0.0460      2962
Micronodules     0.4873    0.5746    0.5274      5988

    accuracy                         0.2651     14594
   macro avg     0.2856    0.2824    0.1448     14594
weighted avg     0.3774    0.2651    0.2317     14594


[Epoch 06/15]
Train Loss: 0.2893  |  Val Loss: 3.4383
--- Validation Report ---
              precision    recall  f1-score   support

     Healthy     0.5255    0.8339    0.6448      3011
   Emphysema     0.2433    0.6708    0.3571       407
Ground Glass     0.0000    0.0000    0.0000      2226
    Fibrosis     0.5885    0.1516    0.2411      2962
Micronodules     0.6035    0.7993    0.6877      5988

    accuracy                         0.5495     14594
   macro avg     0.3922    0.4911    0.3861     14594
weighted avg     0.4822    0.5495    0.4741     14594

  ↳ New Best Val Acc: 54.95%

[Epoch 07/15]
Train Loss: 0.3072  |  Val Loss: 12.0323
--- Validation Report ---
              precision    recall  f1-score   support

     Healthy     0.3906    0.7991    0.5248      3011
   Emphysema     0.0482    0.8968    0.0914       407
Ground Glass     0.0000    0.0000    0.0000      2226
    Fibrosis     0.8743    0.2535    0.3931      2962
Micronodules     0.0000    0.0000    0.0000      5988

    accuracy                         0.2413     14594
   macro avg     0.2626    0.3899    0.2019     14594
weighted avg     0.2594    0.2413    0.1906     14594


[Epoch 08/15]
Train Loss: 0.2464  |  Val Loss: 17.1989
--- Validation Report ---
              precision    recall  f1-score   support

     Healthy     0.3274    0.9947    0.4926      3011
   Emphysema     0.0539    0.5627    0.0984       407
Ground Glass     0.0000    0.0000    0.0000      2226
    Fibrosis     0.7034    0.2843    0.4049      2962
Micronodules     0.0000    0.0000    0.0000      5988

    accuracy                         0.2786     14594
   macro avg     0.2169    0.3683    0.1992     14594
weighted avg     0.2118    0.2786    0.1866     14594


[Epoch 09/15]
Train Loss: 0.2117  |  Val Loss: 5.7265
--- Validation Report ---
              precision    recall  f1-score   support

     Healthy     0.2005    0.2136    0.2068      3011
   Emphysema     0.8205    0.0786    0.1435       407
Ground Glass     0.0000    0.0000    0.0000      2226
    Fibrosis     0.4485    0.0955    0.1575      2962
Micronodules     0.5411    0.9684    0.6943      5988

    accuracy                         0.4630     14594
   macro avg     0.4021    0.2712    0.2404     14594
weighted avg     0.3773    0.4630    0.3635     14594


[Epoch 10/15]
Train Loss: 0.2033  |  Val Loss: 17.1886
--- Validation Report ---
              precision    recall  f1-score   support

     Healthy     0.0000    0.0000    0.0000      3011
   Emphysema     0.0329    0.9681    0.0636       407
Ground Glass     0.0000    0.0000    0.0000      2226
    Fibrosis     0.6277    0.2232    0.3293      2962
Micronodules     0.1178    0.0058    0.0111      5988

    accuracy                         0.0747     14594
   macro avg     0.1557    0.2394    0.0808     14594
weighted avg     0.1767    0.0747    0.0732     14594


[Epoch 11/15]
Train Loss: 0.1334  |  Val Loss: 4.8854
--- Validation Report ---
              precision    recall  f1-score   support

     Healthy     0.4251    0.9538    0.5881      3011
   Emphysema     0.0815    0.7543    0.1472       407
Ground Glass     0.0000    0.0000    0.0000      2226
    Fibrosis     0.6995    0.3521    0.4684      2962
Micronodules     0.6983    0.3011    0.4208      5988

    accuracy                         0.4128     14594
   macro avg     0.3809    0.4723    0.3249     14594
weighted avg     0.5185    0.4128    0.3932     14594


[Epoch 12/15]
Train Loss: 0.1039  |  Val Loss: 6.5873
--- Validation Report ---
              precision    recall  f1-score   support

     Healthy     0.3840    0.9090    0.5399      3011
   Emphysema     0.0625    0.8084    0.1160       407
Ground Glass     0.0000    0.0000    0.0000      2226
    Fibrosis     0.6897    0.3535    0.4674      2962
Micronodules     0.5051    0.0576    0.1034      5988

    accuracy                         0.3055     14594
   macro avg     0.3283    0.4257    0.2453     14594
weighted avg     0.4282    0.3055    0.2519     14594


[Epoch 13/15]
Train Loss: 0.0993  |  Val Loss: 6.5496
--- Validation Report ---
              precision    recall  f1-score   support

     Healthy     0.3068    0.3863    0.3420      3011
   Emphysema     0.0434    0.8796    0.0827       407
Ground Glass     0.0000    0.0000    0.0000      2226
    Fibrosis     0.6848    0.4173    0.5186      2962
Micronodules     0.4674    0.0586    0.1042      5988

    accuracy                         0.2130     14594
   macro avg     0.3005    0.3484    0.2095     14594
weighted avg     0.3953    0.2130    0.2208     14594


[Epoch 14/15]
Train Loss: 0.0905  |  Val Loss: 9.6634
--- Validation Report ---
              precision    recall  f1-score   support

     Healthy     0.3837    0.9455    0.5459      3011
   Emphysema     0.0585    0.7985    0.1090       407
Ground Glass     0.0000    0.0000    0.0000      2226
    Fibrosis     0.6873    0.3599    0.4724      2962
Micronodules     0.0606    0.0007    0.0013      5988

    accuracy                         0.2907     14594
   macro avg     0.2380    0.4209    0.2257     14594
weighted avg     0.2452    0.2907    0.2121     14594


[Epoch 15/15]
Train Loss: 0.0978  |  Val Loss: 4.5552
--- Validation Report ---
              precision    recall  f1-score   support

     Healthy     0.4593    0.3295    0.3837      3011
   Emphysema     0.4974    0.2310    0.3154       407
Ground Glass     0.0000    0.0000    0.0000      2226
    Fibrosis     0.6084    0.3761    0.4648      2962
Micronodules     0.5507    0.9577    0.6993      5988

    accuracy                         0.5437     14594
   macro avg     0.4231    0.3789    0.3727     14594
weighted avg     0.4581    0.5437    0.4692     14594


==============================
Evaluating on test set...
--- Final Test Report ---
              precision    recall  f1-score   support

     Healthy     0.4593    0.3295    0.3837      3011
   Emphysema     0.4974    0.2310    0.3154       407
Ground Glass     0.0000    0.0000    0.0000      2226
    Fibrosis     0.6084    0.3761    0.4648      2962
Micronodules     0.5507    0.9577    0.6993      5988

    accuracy                         0.5437     14594
   macro avg     0.4231    0.3789    0.3727     14594
weighted avg     0.4581    0.5437    0.4692     14594

