Using device: cpu

[Epoch 01/15]
Train Loss: 0.9611  |  Val Loss: 4.0579
--- Validation Report ---
              precision    recall  f1-score   support

     Healthy     0.2946    0.9694    0.4519      3011
   Emphysema     0.4651    0.6216    0.5321       407
Ground Glass     0.0000    0.0000    0.0000      2226
    Fibrosis     1.0000    0.0219    0.0429      2962
Micronodules     0.2618    0.1782    0.2120      5988

    accuracy                         0.2949     14594
   macro avg     0.4043    0.3582    0.2478     14594
weighted avg     0.3841    0.2949    0.2038     14594

  ↳ New Best Val Acc: 29.49%

[Epoch 02/15]
Train Loss: 0.5292  |  Val Loss: 3.1794
--- Validation Report ---
              precision    recall  f1-score   support

     Healthy     0.0068    0.0013    0.0022      3011
   Emphysema     0.0392    0.9509    0.0753       407
Ground Glass     0.0000    0.0000    0.0000      2226
    Fibrosis     0.8927    0.1769    0.2953      2962
Micronodules     0.3342    0.1984    0.2490      5988

    accuracy                         0.1441     14594
   macro avg     0.2546    0.2655    0.1244     14594
weighted avg     0.3208    0.1441    0.1647     14594


[Epoch 03/15]
Train Loss: 0.3984  |  Val Loss: 5.6695
--- Validation Report ---
              precision    recall  f1-score   support

     Healthy     0.0000    0.0000    0.0000      3011
   Emphysema     0.0327    0.9263    0.0632       407
Ground Glass     0.0000    0.0000    0.0000      2226
    Fibrosis     0.9006    0.4342    0.5859      2962
Micronodules     0.0714    0.0002    0.0003      5988

    accuracy                         0.1140     14594
   macro avg     0.2009    0.2721    0.1299     14594
weighted avg     0.2130    0.1140    0.1208     14594


[Epoch 04/15]
Train Loss: 0.3427  |  Val Loss: 10.2321
--- Validation Report ---
              precision    recall  f1-score   support

     Healthy     0.2195    1.0000    0.3600      3011
   Emphysema     0.3111    0.5037    0.3846       407
Ground Glass     0.0000    0.0000    0.0000      2226
    Fibrosis     0.9954    0.0726    0.1353      2962
Micronodules     0.0000    0.0000    0.0000      5988

    accuracy                         0.2351     14594
   macro avg     0.3052    0.3153    0.1760     14594
weighted avg     0.2560    0.2351    0.1125     14594


[Epoch 05/15]
Train Loss: 0.3166  |  Val Loss: 7.0177
--- Validation Report ---
              precision    recall  f1-score   support

     Healthy     0.0000    0.0000    0.0000      3011
   Emphysema     0.3083    0.5135    0.3853       407
Ground Glass     0.0000    0.0000    0.0000      2226
    Fibrosis     0.3443    0.0354    0.0643      2962
Micronodules     0.4402    0.9995    0.6112      5988

    accuracy                         0.4316     14594
   macro avg     0.2185    0.3097    0.2121     14594
weighted avg     0.2591    0.4316    0.2746     14594

  ↳ New Best Val Acc: 43.16%

[Epoch 06/15]
Train Loss: 0.3053  |  Val Loss: 3.5702
--- Validation Report ---
              precision    recall  f1-score   support

     Healthy     0.0386    0.0027    0.0050      3011
   Emphysema     0.0543    0.8010    0.1017       407
Ground Glass     0.0000    0.0000    0.0000      2226
    Fibrosis     0.5678    0.2998    0.3924      2962
Micronodules     0.5157    0.5872    0.5491      5988

    accuracy                         0.3247     14594
   macro avg     0.2353    0.3381    0.2096     14594
weighted avg     0.3363    0.3247    0.3088     14594


[Epoch 07/15]
Train Loss: 0.2548  |  Val Loss: 9.9044
--- Validation Report ---
              precision    recall  f1-score   support

     Healthy     0.3621    0.9920    0.5305      3011
   Emphysema     0.0470    0.5577    0.0867       407
Ground Glass     0.0000    0.0000    0.0000      2226
    Fibrosis     0.7467    0.3822    0.5056      2962
Micronodules     0.0000    0.0000    0.0000      5988

    accuracy                         0.2978     14594
   macro avg     0.2312    0.3864    0.2246     14594
weighted avg     0.2276    0.2978    0.2145     14594


[Epoch 08/15]
Train Loss: 0.2598  |  Val Loss: 22.5633
--- Validation Report ---
              precision    recall  f1-score   support

     Healthy     0.2065    1.0000    0.3423      3011
   Emphysema     0.0000    0.0000    0.0000       407
Ground Glass     0.0000    0.0000    0.0000      2226
    Fibrosis     1.0000    0.0037    0.0074      2962
Micronodules     0.0000    0.0000    0.0000      5988

    accuracy                         0.2071     14594
   macro avg     0.2413    0.2007    0.0699     14594
weighted avg     0.2456    0.2071    0.0721     14594


[Epoch 09/15]
Train Loss: 0.2314  |  Val Loss: 8.0845
--- Validation Report ---
              precision    recall  f1-score   support

     Healthy     0.2592    0.7964    0.3911      3011
   Emphysema     0.0740    0.7715    0.1350       407
Ground Glass     0.0000    0.0000    0.0000      2226
    Fibrosis     0.0000    0.0000    0.0000      2962
Micronodules     0.5947    0.1091    0.1843      5988

    accuracy                         0.2306     14594
   macro avg     0.1856    0.3354    0.1421     14594
weighted avg     0.2996    0.2306    0.1601     14594


[Epoch 10/15]
Train Loss: 0.2201  |  Val Loss: 10.6539
--- Validation Report ---
              precision    recall  f1-score   support

     Healthy     0.3073    0.8612    0.4530      3011
   Emphysema     0.0642    0.8182    0.1190       407
Ground Glass     0.0000    0.0000    0.0000      2226
    Fibrosis     0.9774    0.1749    0.2967      2962
Micronodules     0.2574    0.0189    0.0352      5988

    accuracy                         0.2437     14594
   macro avg     0.3213    0.3746    0.1808     14594
weighted avg     0.3692    0.2437    0.1714     14594


[Epoch 11/15]
Train Loss: 0.1156  |  Val Loss: 6.1776
--- Validation Report ---
              precision    recall  f1-score   support

     Healthy     0.3613    0.8897    0.5139      3011
   Emphysema     0.0735    0.8084    0.1347       407
Ground Glass     0.0000    0.0000    0.0000      2226
    Fibrosis     0.7991    0.3410    0.4780      2962
Micronodules     0.5897    0.1416    0.2284      5988

    accuracy                         0.3334     14594
   macro avg     0.3647    0.4361    0.2710     14594
weighted avg     0.4807    0.3334    0.3005     14594


[Epoch 12/15]
Train Loss: 0.1053  |  Val Loss: 7.5966
--- Validation Report ---
              precision    recall  f1-score   support

     Healthy     0.3238    0.8243    0.4650      3011
   Emphysema     0.0593    0.8280    0.1106       407
Ground Glass     0.0000    0.0000    0.0000      2226
    Fibrosis     0.8481    0.2488    0.3848      2962
Micronodules     0.3137    0.0195    0.0368      5988

    accuracy                         0.2517     14594
   macro avg     0.3090    0.3841    0.1994     14594
weighted avg     0.3693    0.2517    0.1922     14594


[Epoch 13/15]
Train Loss: 0.0986  |  Val Loss: 6.3806
--- Validation Report ---
              precision    recall  f1-score   support

     Healthy     0.3976    0.8758    0.5469      3011
   Emphysema     0.0646    0.8256    0.1198       407
Ground Glass     0.0000    0.0000    0.0000      2226
    Fibrosis     0.7461    0.3572    0.4831      2962
Micronodules     0.5000    0.1121    0.1831      5988

    accuracy                         0.3222     14594
   macro avg     0.3417    0.4341    0.2666     14594
weighted avg     0.4404    0.3222    0.2893     14594


[Epoch 14/15]
Train Loss: 0.0964  |  Val Loss: 6.2905
--- Validation Report ---
              precision    recall  f1-score   support

     Healthy     0.3379    0.9678    0.5009      3011
   Emphysema     0.1060    0.7371    0.1854       407
Ground Glass     0.0000    0.0000    0.0000      2226
    Fibrosis     0.7615    0.2954    0.4257      2962
Micronodules     0.6384    0.2123    0.3186      5988

    accuracy                         0.3673     14594
   macro avg     0.3688    0.4425    0.2861     14594
weighted avg     0.4892    0.3673    0.3256     14594


[Epoch 15/15]
Train Loss: 0.0904  |  Val Loss: 7.1736
--- Validation Report ---
              precision    recall  f1-score   support

     Healthy     0.3803    0.7469    0.5040      3011
   Emphysema     0.0511    0.8649    0.0964       407
Ground Glass     0.0000    0.0000    0.0000      2226
    Fibrosis     0.7592    0.3396    0.4693      2962
Micronodules     0.2662    0.0205    0.0381      5988

    accuracy                         0.2556     14594
   macro avg     0.2914    0.3944    0.2216     14594
weighted avg     0.3432    0.2556    0.2176     14594


==============================
Evaluating on test set...
--- Final Test Report ---
              precision    recall  f1-score   support

     Healthy     0.3803    0.7469    0.5040      3011
   Emphysema     0.0511    0.8649    0.0964       407
Ground Glass     0.0000    0.0000    0.0000      2226
    Fibrosis     0.7592    0.3396    0.4693      2962
Micronodules     0.2662    0.0205    0.0381      5988

    accuracy                         0.2556     14594
   macro avg     0.2914    0.3944    0.2216     14594
weighted avg     0.3432    0.2556    0.2176     14594

